<?xml version="1.0" encoding="UTF-8"?>
<!-- Generated by org.testng.reporters.JUnitXMLReporter -->
<testsuite ignored="1" hostname="Dell" failures="2" tests="19" name="Page Loading" time="65.854" errors="0" timestamp="2023-02-14T13:44:28 IST">
  <testcase classname="com.profit.qa.testpages.SignupPageTest" name="validateSignupPageLoad" time="0.049"/>
  <testcase classname="com.profit.qa.testpages.SignupPageTest" name="validateSignupFirstNameEmptyValidation" time="0.123"/>
  <testcase classname="com.profit.qa.testpages.SignupPageTest" name="validateSignupSecondNameEmptyValidation" time="0.089"/>
  <testcase classname="com.profit.qa.testpages.SignupPageTest" name="validateSignupEmailEmptyValidation" time="0.082"/>
  <testcase classname="com.profit.qa.testpages.SignupPageTest" name="validateSignupInvalidEmailValidation" time="0.481"/>
  <testcase classname="com.profit.qa.testpages.SignupPageTest" name="SignupBasicForm" time="10.594"/>
  <testcase classname="com.profit.qa.testpages.SignupPageTest" name="passwordPageLoadChek" time="9.029">
    <skipped/>
  </testcase> <!-- passwordPageLoadChek -->
  <testcase classname="com.profit.qa.testpages.SignupPageTest" name="passwordPageLoadChek" time="11.306">
    <failure type="org.openqa.selenium.InvalidArgumentException" message="invalid argument
  (Session info: chrome=110.0.5481.96)
Build info: version: &amp;apos;4.6.0&amp;apos;, revision: &amp;apos;79f1c02ae20&amp;apos;
System info: os.name: &amp;apos;Windows 11&amp;apos;, os.arch: &amp;apos;amd64&amp;apos;, os.version: &amp;apos;10.0&amp;apos;, java.version: &amp;apos;17.0.5&amp;apos;
Driver info: org.openqa.selenium.chrome.ChromeDriver
Command: [8898cdede7f702a0560f560bac3ce369, get {url=}]
Capabilities {acceptInsecureCerts: false, browserName: chrome, browserVersion: 110.0.5481.96, chrome: {chromedriverVersion: 110.0.5481.77 (65ed616c6e8e..., userDataDir: C:\Users\SEETHA~1\AppData\L...}, goog:chromeOptions: {debuggerAddress: localhost:54007}, networkConnectionEnabled: false, pageLoadStrategy: normal, platformName: WINDOWS, proxy: Proxy(), se:cdp: ws://localhost:54007/devtoo..., se:cdpVersion: 110.0.5481.96, setWindowRect: true, strictFileInteractability: false, timeouts: {implicit: 0, pageLoad: 300000, script: 30000}, unhandledPromptBehavior: dismiss and notify, webauthn:extension:credBlob: true, webauthn:extension:largeBlob: true, webauthn:virtualAuthenticators: true}
Session ID: 8898cdede7f702a0560f560bac3ce369">
      <![CDATA[org.openqa.selenium.InvalidArgumentException: invalid argument
  (Session info: chrome=110.0.5481.96)
Build info: version: '4.6.0', revision: '79f1c02ae20'
System info: os.name: 'Windows 11', os.arch: 'amd64', os.version: '10.0', java.version: '17.0.5'
Driver info: org.openqa.selenium.chrome.ChromeDriver
Command: [8898cdede7f702a0560f560bac3ce369, get {url=}]
Capabilities {acceptInsecureCerts: false, browserName: chrome, browserVersion: 110.0.5481.96, chrome: {chromedriverVersion: 110.0.5481.77 (65ed616c6e8e..., userDataDir: C:\Users\SEETHA~1\AppData\L...}, goog:chromeOptions: {debuggerAddress: localhost:54007}, networkConnectionEnabled: false, pageLoadStrategy: normal, platformName: WINDOWS, proxy: Proxy(), se:cdp: ws://localhost:54007/devtoo..., se:cdpVersion: 110.0.5481.96, setWindowRect: true, strictFileInteractability: false, timeouts: {implicit: 0, pageLoad: 300000, script: 30000}, unhandledPromptBehavior: dismiss and notify, webauthn:extension:credBlob: true, webauthn:extension:largeBlob: true, webauthn:virtualAuthenticators: true}
Session ID: 8898cdede7f702a0560f560bac3ce369
at org.openqa.selenium.remote.codec.w3c.W3CHttpResponseCodec.createException(W3CHttpResponseCodec.java:200)
at org.openqa.selenium.remote.codec.w3c.W3CHttpResponseCodec.decode(W3CHttpResponseCodec.java:133)
at org.openqa.selenium.remote.codec.w3c.W3CHttpResponseCodec.decode(W3CHttpResponseCodec.java:53)
at org.openqa.selenium.remote.HttpCommandExecutor.execute(HttpCommandExecutor.java:184)
at org.openqa.selenium.remote.service.DriverCommandExecutor.invokeExecute(DriverCommandExecutor.java:167)
at org.openqa.selenium.remote.service.DriverCommandExecutor.execute(DriverCommandExecutor.java:142)
at org.openqa.selenium.remote.RemoteWebDriver.execute(RemoteWebDriver.java:535)
at org.openqa.selenium.remote.RemoteWebDriver.get(RemoteWebDriver.java:296)
at com.profit.qa.pages.SignupPage.checkPasswordPageLoad(SignupPage.java:177)
at com.profit.qa.testpages.SignupPageTest.passwordPageLoadChek(SignupPageTest.java:128)
at java.base/java.util.ArrayList.forEach(ArrayList.java:1511)
... Removed 32 stack frames]]>
    </failure>
  </testcase> <!-- passwordPageLoadChek -->
  <testcase classname="com.profit.qa.testpages.SignupPageTest" name="firstPasswordEmptyTabValidation" time="0.0">
    <skipped/>
  </testcase> <!-- firstPasswordEmptyTabValidation -->
  <testcase classname="com.profit.qa.testpages.SignupPageTest" name="secondPasswordEmptyTabValidation" time="0.0">
    <skipped/>
  </testcase> <!-- secondPasswordEmptyTabValidation -->
  <testcase classname="com.profit.qa.testpages.SignupPageTest" name="doSignupPasswordForm" time="0.0">
    <skipped/>
  </testcase> <!-- doSignupPasswordForm -->
  <testcase classname="com.profit.qa.testpages.SignupPageTest" name="BusinessNameEmptyTabValidation" time="0.0">
    <skipped/>
  </testcase> <!-- BusinessNameEmptyTabValidation -->
  <testcase classname="com.profit.qa.testpages.SignupPageTest" name="SignupBusinessForm" time="0.0">
    <skipped/>
  </testcase> <!-- SignupBusinessForm -->
  <testcase classname="com.profit.qa.testpages.LoginPageTest" name="verifyloginpagetitle" time="0.02">
    <skipped/>
  </testcase> <!-- verifyloginpagetitle -->
  <testcase classname="com.profit.qa.testpages.LoginPageTest" name="verifyloginpagetitle" time="0.016">
    <failure type="org.openqa.selenium.InvalidArgumentException" message="invalid argument: log type &amp;apos;performance&amp;apos; not found
  (Session info: chrome=110.0.5481.96)
Build info: version: &amp;apos;4.6.0&amp;apos;, revision: &amp;apos;79f1c02ae20&amp;apos;
System info: os.name: &amp;apos;Windows 11&amp;apos;, os.arch: &amp;apos;amd64&amp;apos;, os.version: &amp;apos;10.0&amp;apos;, java.version: &amp;apos;17.0.5&amp;apos;
Driver info: org.openqa.selenium.chrome.ChromeDriver
Command: [9a6f50eb2026538d4b6d0a0979022ecb, getLog {type=performance}]
Capabilities {acceptInsecureCerts: false, browserName: chrome, browserVersion: 110.0.5481.96, chrome: {chromedriverVersion: 110.0.5481.77 (65ed616c6e8e..., userDataDir: C:\Users\SEETHA~1\AppData\L...}, goog:chromeOptions: {debuggerAddress: localhost:54095}, networkConnectionEnabled: false, pageLoadStrategy: normal, platformName: WINDOWS, proxy: Proxy(), se:cdp: ws://localhost:54095/devtoo..., se:cdpVersion: 110.0.5481.96, setWindowRect: true, strictFileInteractability: false, timeouts: {implicit: 0, pageLoad: 300000, script: 30000}, unhandledPromptBehavior: dismiss and notify, webauthn:extension:credBlob: true, webauthn:extension:largeBlob: true, webauthn:virtualAuthenticators: true}
Session ID: 9a6f50eb2026538d4b6d0a0979022ecb">
      <![CDATA[org.openqa.selenium.InvalidArgumentException: invalid argument: log type 'performance' not found
  (Session info: chrome=110.0.5481.96)
Build info: version: '4.6.0', revision: '79f1c02ae20'
System info: os.name: 'Windows 11', os.arch: 'amd64', os.version: '10.0', java.version: '17.0.5'
Driver info: org.openqa.selenium.chrome.ChromeDriver
Command: [9a6f50eb2026538d4b6d0a0979022ecb, getLog {type=performance}]
Capabilities {acceptInsecureCerts: false, browserName: chrome, browserVersion: 110.0.5481.96, chrome: {chromedriverVersion: 110.0.5481.77 (65ed616c6e8e..., userDataDir: C:\Users\SEETHA~1\AppData\L...}, goog:chromeOptions: {debuggerAddress: localhost:54095}, networkConnectionEnabled: false, pageLoadStrategy: normal, platformName: WINDOWS, proxy: Proxy(), se:cdp: ws://localhost:54095/devtoo..., se:cdpVersion: 110.0.5481.96, setWindowRect: true, strictFileInteractability: false, timeouts: {implicit: 0, pageLoad: 300000, script: 30000}, unhandledPromptBehavior: dismiss and notify, webauthn:extension:credBlob: true, webauthn:extension:largeBlob: true, webauthn:virtualAuthenticators: true}
Session ID: 9a6f50eb2026538d4b6d0a0979022ecb
at org.openqa.selenium.remote.codec.w3c.W3CHttpResponseCodec.createException(W3CHttpResponseCodec.java:200)
at org.openqa.selenium.remote.codec.w3c.W3CHttpResponseCodec.decode(W3CHttpResponseCodec.java:133)
at org.openqa.selenium.remote.codec.w3c.W3CHttpResponseCodec.decode(W3CHttpResponseCodec.java:53)
at org.openqa.selenium.remote.HttpCommandExecutor.execute(HttpCommandExecutor.java:184)
at org.openqa.selenium.remote.service.DriverCommandExecutor.invokeExecute(DriverCommandExecutor.java:167)
at org.openqa.selenium.remote.service.DriverCommandExecutor.execute(DriverCommandExecutor.java:142)
at org.openqa.selenium.remote.RemoteWebDriver.execute(RemoteWebDriver.java:535)
at org.openqa.selenium.remote.RemoteWebDriver.execute(RemoteWebDriver.java:590)
at org.openqa.selenium.remote.RemoteExecuteMethod.execute(RemoteExecuteMethod.java:40)
at org.openqa.selenium.remote.RemoteLogs.getRemoteEntries(RemoteLogs.java:81)
at org.openqa.selenium.remote.RemoteLogs.get(RemoteLogs.java:77)
at com.profit.qa.Base.Base.getBrowserEntries(Base.java:620)
at com.profit.qa.testpages.LoginPageTest.verifyloginpagetitle(LoginPageTest.java:32)
at java.base/java.util.ArrayList.forEach(ArrayList.java:1511)
... Removed 32 stack frames]]>
    </failure>
  </testcase> <!-- verifyloginpagetitle -->
  <testcase classname="com.profit.qa.testpages.LoginPageTest" name="checkSuccessloginText" time="5.644"/>
  <testcase classname="com.profit.qa.testpages.LoginPageTest" name="checkInvalidPassowrdWarning" time="0.0">
    <skipped/>
  </testcase> <!-- checkInvalidPassowrdWarning -->
  <testcase classname="com.profit.qa.testpages.LoginPageTest" name="checkInvalidEmailWarning" time="0.0">
    <skipped/>
  </testcase> <!-- checkInvalidEmailWarning -->
  <testcase classname="com.profit.qa.testpages.LoginPageTest" name="checkMultipleAttemptWarning" time="0.0">
    <skipped/>
  </testcase> <!-- checkMultipleAttemptWarning -->
  <testcase classname="com.profit.qa.testpages.SignupPageTest" name="PasswordMismatchValidation" time="0.0">
    <ignored/>
  </testcase> <!-- PasswordMismatchValidation -->
</testsuite> <!-- Page Loading -->
